\BOOKMARK [0][-]{chapter*.2}{\376\377\000I\000n\000t\000r\000o\000d\000u\000c\000t\000i\000o\000n}{}% 1
\BOOKMARK [0][-]{chapter.1}{\376\377\000M\000o\000n\000t\000e\000-\000C\000a\000r\000l\000o\000\040\000T\000r\000e\000e\000\040\000S\000e\000a\000r\000c\000h}{}% 2
\BOOKMARK [1][-]{section.1.1}{\376\377\000B\000r\000i\000e\000f\000\040\000h\000i\000s\000t\000o\000r\000y}{chapter.1}% 3
\BOOKMARK [1][-]{section.1.2}{\376\377\000D\000e\000s\000c\000r\000i\000p\000t\000i\000o\000n}{chapter.1}% 4
\BOOKMARK [1][-]{section.1.3}{\376\377\000U\000p\000p\000e\000r\000-\000C\000o\000n\000f\000i\000d\000e\000n\000c\000e\000\040\000B\000o\000u\000n\000d}{chapter.1}% 5
\BOOKMARK [0][-]{chapter.2}{\376\377\000D\000i\000s\000t\000r\000i\000b\000u\000t\000e\000d\000\040\000A\000p\000p\000r\000o\000a\000c\000h\000\040\000t\000o\000\040\000M\000C\000T\000S}{}% 6
\BOOKMARK [1][-]{section.2.1}{\376\377\000M\000o\000t\000i\000v\000a\000t\000i\000o\000n\000\040\000a\000n\000d\000\040\000R\000e\000l\000a\000t\000e\000d\000\040\000W\000o\000r\000k}{chapter.2}% 7
\BOOKMARK [1][-]{section.2.2}{\376\377\000N\000a\000m\000e\000\040\000o\000f\000\040\000A\000l\000g\000o\000r\000i\000t\000h\000m\000\040\0001}{chapter.2}% 8
\BOOKMARK [1][-]{section.2.3}{\376\377\000N\000a\000m\000e\000\040\000o\000f\000\040\000A\000l\000g\000o\000r\000i\000t\000h\000m\000\040\0002}{chapter.2}% 9
\BOOKMARK [1][-]{section.2.4}{\376\377\000N\000a\000m\000e\000\040\000o\000f\000\040\000A\000l\000g\000o\000r\000i\000t\000h\000m\000\040\0003}{chapter.2}% 10
\BOOKMARK [0][-]{chapter.3}{\376\377\000E\000v\000a\000l\000u\000a\000t\000i\000o\000n\000\040\000o\000f\000\040\000D\000i\000s\000t\000r\000i\000b\000u\000t\000e\000d\000\040\000M\000C\000T\000S\000\040\000A\000l\000g\000o\000r\000i\000t\000h\000m\000s}{}% 11
\BOOKMARK [1][-]{section.3.1}{\376\377\000M\000s\000.\000P\000a\000c\000m\000a\000n\000\040\000v\000s\000\040\000G\000h\000o\000s\000t\000s\000\040\000F\000r\000a\000m\000e\000w\000o\000r\000k}{chapter.3}% 12
\BOOKMARK [1][-]{section.3.2}{\376\377\000D\000e\000s\000i\000g\000n\000\040\000N\000o\000t\000e\000s}{chapter.3}% 13
\BOOKMARK [1][-]{section.3.3}{\376\377\000M\000e\000t\000h\000o\000d\000i\000c\000s}{chapter.3}% 14
\BOOKMARK [1][-]{section.3.4}{\376\377\000R\000e\000s\000u\000l\000t\000s}{chapter.3}% 15
\BOOKMARK [0][-]{chapter*.3}{\376\377\000C\000o\000n\000c\000l\000u\000s\000i\000o\000n}{}% 16
\BOOKMARK [0][-]{chapter*.4}{\376\377\000B\000i\000b\000l\000i\000o\000g\000r\000a\000p\000h\000y}{}% 17
\BOOKMARK [0][-]{chapter*.5}{\376\377\000L\000i\000s\000t\000\040\000o\000f\000\040\000T\000a\000b\000l\000e\000s}{}% 18
\BOOKMARK [0][-]{chapter*.6}{\376\377\000L\000i\000s\000t\000\040\000o\000f\000\040\000A\000b\000b\000r\000e\000v\000i\000a\000t\000i\000o\000n\000s}{}% 19
\BOOKMARK [0][-]{chapter*.7}{\376\377\000A\000t\000t\000a\000c\000h\000m\000e\000n\000t\000s}{}% 20
